2024-03-28 12:09:26 INFO  OpenTableTest:62 - Page Opened Successfully
2024-03-28 12:09:30 INFO  OpenTableTest:71 - Place Not Entered
2024-03-28 12:10:30 INFO  OpenTableTest:62 - Page Opened Successfully
2024-03-28 12:10:34 INFO  OpenTableTest:68 - Place Entered Successfully
2024-03-28 12:11:59 INFO  OpenTableTest:62 - Page Opened Successfully
2024-03-28 12:12:03 INFO  OpenTableTest:68 - Place Entered Successfully
2024-03-28 12:13:34 INFO  OpenTableTest:62 - Page Opened Successfully
2024-03-28 12:13:38 INFO  OpenTableTest:68 - Place Entered Successfully
2024-03-28 12:14:34 INFO  OpenTableTest:62 - Page Opened Successfully
2024-03-28 12:14:38 INFO  OpenTableTest:68 - Place Entered Successfully
2024-03-28 12:14:56 INFO  OpenTableTest:107 - ScreenShot taken Successfully!
2024-03-28 12:16:35 INFO  OpenTableTest:62 - Page Opened Successfully
2024-03-28 12:16:39 INFO  OpenTableTest:68 - Place Entered Successfully
2024-03-28 12:16:56 INFO  OpenTableTest:107 - ScreenShot taken Successfully!
2024-03-28 12:18:12 INFO  OpenTableTest:62 - Page Opened Successfully
2024-03-28 12:18:16 INFO  OpenTableTest:68 - Place Entered Successfully
2024-03-28 12:18:34 INFO  OpenTableTest:109 - ScreenShot taken Successfully!
2024-03-28 12:20:31 INFO  OpenTableTest:62 - Page Opened Successfully
2024-03-28 12:20:36 INFO  OpenTableTest:68 - Place Entered Successfully
2024-03-28 12:20:53 INFO  OpenTableTest:109 - ScreenShot taken Successfully!
2024-03-28 12:22:14 INFO  OpenTableTest:62 - Page Opened Successfully
2024-03-28 12:22:18 INFO  OpenTableTest:68 - Place Entered Successfully
2024-03-28 12:22:36 INFO  OpenTableTest:110 - ScreenShot taken Successfully!
2024-03-28 12:24:19 INFO  OpenTableTest:62 - Page Opened Successfully
2024-03-28 12:24:24 INFO  OpenTableTest:68 - Place Entered Successfully
2024-03-28 12:24:41 INFO  OpenTableTest:109 - ScreenShot taken Successfully!
2024-03-28 12:28:58 INFO  OpenTableTest:62 - Page Opened Successfully
2024-03-28 12:29:02 INFO  OpenTableTest:68 - Place Entered Successfully
2024-03-28 12:29:20 INFO  OpenTableTest:109 - ScreenShot taken Successfully!
2024-03-28 12:31:17 INFO  OpenTableTest:63 - Page Opened Successfully
2024-03-28 12:31:21 INFO  OpenTableTest:69 - Place Entered Successfully
2024-03-28 12:31:39 INFO  OpenTableTest:110 - ScreenShot taken Successfully!
2024-03-28 12:37:16 INFO  OpenTableTest:63 - Page Opened Successfully
2024-03-28 12:37:21 INFO  OpenTableTest:69 - Place Entered Successfully
2024-03-28 12:37:39 INFO  OpenTableTest:110 - ScreenShot taken Successfully!
2024-03-28 12:38:34 INFO  OpenTableTest:63 - Page Opened Successfully
2024-03-28 12:38:39 INFO  OpenTableTest:69 - Place Entered Successfully
2024-03-28 12:38:58 INFO  OpenTableTest:110 - ScreenShot taken Successfully!
2024-03-28 12:41:44 INFO  OpenTableTest:63 - Page Opened Successfully
2024-03-28 12:41:49 INFO  OpenTableTest:69 - Place Entered Successfully
2024-03-28 12:42:07 INFO  OpenTableTest:110 - ScreenShot taken Successfully!
2024-03-28 12:43:48 INFO  OpenTableTest:63 - Page Opened Successfully
2024-03-28 12:43:52 INFO  OpenTableTest:69 - Place Entered Successfully
2024-03-28 12:44:11 INFO  OpenTableTest:112 - ScreenShot taken Successfully!
2024-03-28 12:47:06 INFO  OpenTableTest:65 - Page Open Failed
2024-03-28 12:47:51 INFO  OpenTableTest:65 - Page Open Failed
